/home/fabrih/ros2_nav_ws/src/familiapachuquena_nav2_puzzlebot(7)/install/familiapachuquena_nav2_puzzlebot/lib/python3.10/site-packages/familiapachuquena_nav2_puzzlebot/__init__.py
/home/fabrih/ros2_nav_ws/src/familiapachuquena_nav2_puzzlebot(7)/install/familiapachuquena_nav2_puzzlebot/lib/python3.10/site-packages/familiapachuquena_nav2_puzzlebot/__pycache__/__init__.cpython-310.pyc
/home/fabrih/ros2_nav_ws/src/familiapachuquena_nav2_puzzlebot(7)/install/familiapachuquena_nav2_puzzlebot/share/ament_index/resource_index/packages/familiapachuquena_nav2_puzzlebot
/home/fabrih/ros2_nav_ws/src/familiapachuquena_nav2_puzzlebot(7)/install/familiapachuquena_nav2_puzzlebot/share/familiapachuquena_nav2_puzzlebot/package.xml
/home/fabrih/ros2_nav_ws/src/familiapachuquena_nav2_puzzlebot(7)/install/familiapachuquena_nav2_puzzlebot/share/familiapachuquena_nav2_puzzlebot/launch/nav2_launch.launch.py
/home/fabrih/ros2_nav_ws/src/familiapachuquena_nav2_puzzlebot(7)/install/familiapachuquena_nav2_puzzlebot/share/familiapachuquena_nav2_puzzlebot/launch/navigation.launch.py
/home/fabrih/ros2_nav_ws/src/familiapachuquena_nav2_puzzlebot(7)/install/familiapachuquena_nav2_puzzlebot/share/familiapachuquena_nav2_puzzlebot/launch/lafam_launch.launch.py
/home/fabrih/ros2_nav_ws/src/familiapachuquena_nav2_puzzlebot(7)/install/familiapachuquena_nav2_puzzlebot/share/familiapachuquena_nav2_puzzlebot/config/puzzlebot_jetson_lidar_ed.yaml
/home/fabrih/ros2_nav_ws/src/familiapachuquena_nav2_puzzlebot(7)/install/familiapachuquena_nav2_puzzlebot/share/familiapachuquena_nav2_puzzlebot/rviz/nav2_mapping.rviz
/home/fabrih/ros2_nav_ws/src/familiapachuquena_nav2_puzzlebot(7)/install/familiapachuquena_nav2_puzzlebot/share/familiapachuquena_nav2_puzzlebot/rviz/nav2_navigating.rviz
/home/fabrih/ros2_nav_ws/src/familiapachuquena_nav2_puzzlebot(7)/install/familiapachuquena_nav2_puzzlebot/share/familiapachuquena_nav2_puzzlebot/rviz/puzzlebot_nav.rviz
/home/fabrih/ros2_nav_ws/src/familiapachuquena_nav2_puzzlebot(7)/install/familiapachuquena_nav2_puzzlebot/share/familiapachuquena_nav2_puzzlebot/param/slam_toolbox_config.yaml
/home/fabrih/ros2_nav_ws/src/familiapachuquena_nav2_puzzlebot(7)/install/familiapachuquena_nav2_puzzlebot/share/familiapachuquena_nav2_puzzlebot/param/puzzlebot.yaml
/home/fabrih/ros2_nav_ws/src/familiapachuquena_nav2_puzzlebot(7)/install/familiapachuquena_nav2_puzzlebot/share/familiapachuquena_nav2_puzzlebot/map/hexagonal_map.yaml
/home/fabrih/ros2_nav_ws/src/familiapachuquena_nav2_puzzlebot(7)/install/familiapachuquena_nav2_puzzlebot/share/familiapachuquena_nav2_puzzlebot/map/puzzlebot_map.yaml
/home/fabrih/ros2_nav_ws/src/familiapachuquena_nav2_puzzlebot(7)/install/familiapachuquena_nav2_puzzlebot/share/familiapachuquena_nav2_puzzlebot/map/puzzlebot_map.pgm
/home/fabrih/ros2_nav_ws/src/familiapachuquena_nav2_puzzlebot(7)/install/familiapachuquena_nav2_puzzlebot/share/familiapachuquena_nav2_puzzlebot/map/hexagonal_map.pgm
/home/fabrih/ros2_nav_ws/src/familiapachuquena_nav2_puzzlebot(7)/install/familiapachuquena_nav2_puzzlebot/share/familiapachuquena_nav2_puzzlebot/urdf/mcr2_sensors/lidar.xacro
/home/fabrih/ros2_nav_ws/src/familiapachuquena_nav2_puzzlebot(7)/install/familiapachuquena_nav2_puzzlebot/share/familiapachuquena_nav2_puzzlebot/urdf/mcr2_sensors/laser_camera_bracket.xacro
/home/fabrih/ros2_nav_ws/src/familiapachuquena_nav2_puzzlebot(7)/install/familiapachuquena_nav2_puzzlebot/share/familiapachuquena_nav2_puzzlebot/urdf/mcr2_control/gazebo_control.xacro
/home/fabrih/ros2_nav_ws/src/familiapachuquena_nav2_puzzlebot(7)/install/familiapachuquena_nav2_puzzlebot/share/familiapachuquena_nav2_puzzlebot/urdf/mcr2_robots/puzzlebot_jetson_lidar_ed.xacro
/home/fabrih/ros2_nav_ws/src/familiapachuquena_nav2_puzzlebot(7)/install/familiapachuquena_nav2_puzzlebot/share/familiapachuquena_nav2_puzzlebot/urdf/mcr2_robots/jetson_lidar_ed/parameters_jetson_lidar_ed.xacro
/home/fabrih/ros2_nav_ws/src/familiapachuquena_nav2_puzzlebot(7)/install/familiapachuquena_nav2_puzzlebot/share/familiapachuquena_nav2_puzzlebot/urdf/mcr2_misc/materials.xacro
/home/fabrih/ros2_nav_ws/src/familiapachuquena_nav2_puzzlebot(7)/install/familiapachuquena_nav2_puzzlebot/share/familiapachuquena_nav2_puzzlebot/urdf/mcr2_misc/macros.xacro
/home/fabrih/ros2_nav_ws/src/familiapachuquena_nav2_puzzlebot(7)/install/familiapachuquena_nav2_puzzlebot/share/familiapachuquena_nav2_puzzlebot/urdf/mcr2_mechanical/puzzlebot_jetson_lidar_base.urdf.xacro
/home/fabrih/ros2_nav_ws/src/familiapachuquena_nav2_puzzlebot(7)/install/familiapachuquena_nav2_puzzlebot/share/familiapachuquena_nav2_puzzlebot/meshes/misc/NVIDIA_Jetson.stl
/home/fabrih/ros2_nav_ws/src/familiapachuquena_nav2_puzzlebot(7)/install/familiapachuquena_nav2_puzzlebot/share/familiapachuquena_nav2_puzzlebot/meshes/sensors/RPLidar.stl
/home/fabrih/ros2_nav_ws/src/familiapachuquena_nav2_puzzlebot(7)/install/familiapachuquena_nav2_puzzlebot/share/familiapachuquena_nav2_puzzlebot/meshes/sensors/Laser_Camera_Bracket.stl
/home/fabrih/ros2_nav_ws/src/familiapachuquena_nav2_puzzlebot(7)/install/familiapachuquena_nav2_puzzlebot/share/familiapachuquena_nav2_puzzlebot/meshes/wheels/Puzzlebot_Wheel.stl
/home/fabrih/ros2_nav_ws/src/familiapachuquena_nav2_puzzlebot(7)/install/familiapachuquena_nav2_puzzlebot/share/familiapachuquena_nav2_puzzlebot/meshes/wheels/Puzzlebot_Caster_Wheel.stl
/home/fabrih/ros2_nav_ws/src/familiapachuquena_nav2_puzzlebot(7)/install/familiapachuquena_nav2_puzzlebot/share/familiapachuquena_nav2_puzzlebot/meshes/bases/Puzzlebot_Jetson_Lidar_Edition_Base.stl
/home/fabrih/ros2_nav_ws/src/familiapachuquena_nav2_puzzlebot(7)/install/familiapachuquena_nav2_puzzlebot/share/familiapachuquena_nav2_puzzlebot/models/hexagonal_world/model.sdf
/home/fabrih/ros2_nav_ws/src/familiapachuquena_nav2_puzzlebot(7)/install/familiapachuquena_nav2_puzzlebot/share/familiapachuquena_nav2_puzzlebot/models/hexagonal_world/model.config
/home/fabrih/ros2_nav_ws/src/familiapachuquena_nav2_puzzlebot(7)/install/familiapachuquena_nav2_puzzlebot/share/familiapachuquena_nav2_puzzlebot/models/hexagonal_world/meshes/wall.dae
/home/fabrih/ros2_nav_ws/src/familiapachuquena_nav2_puzzlebot(7)/install/familiapachuquena_nav2_puzzlebot/share/familiapachuquena_nav2_puzzlebot/models/hexagonal_world/meshes/hexagon.dae
/home/fabrih/ros2_nav_ws/src/familiapachuquena_nav2_puzzlebot(7)/install/familiapachuquena_nav2_puzzlebot/share/familiapachuquena_nav2_puzzlebot/worlds/puzzlebot.world
/home/fabrih/ros2_nav_ws/src/familiapachuquena_nav2_puzzlebot(7)/install/familiapachuquena_nav2_puzzlebot/share/familiapachuquena_nav2_puzzlebot/plugins/libDiffDynamicPlugin.so
/home/fabrih/ros2_nav_ws/src/familiapachuquena_nav2_puzzlebot(7)/install/familiapachuquena_nav2_puzzlebot/lib/python3.10/site-packages/familiapachuquena_nav2_puzzlebot-0.0.0-py3.10.egg-info/dependency_links.txt
/home/fabrih/ros2_nav_ws/src/familiapachuquena_nav2_puzzlebot(7)/install/familiapachuquena_nav2_puzzlebot/lib/python3.10/site-packages/familiapachuquena_nav2_puzzlebot-0.0.0-py3.10.egg-info/entry_points.txt
/home/fabrih/ros2_nav_ws/src/familiapachuquena_nav2_puzzlebot(7)/install/familiapachuquena_nav2_puzzlebot/lib/python3.10/site-packages/familiapachuquena_nav2_puzzlebot-0.0.0-py3.10.egg-info/top_level.txt
/home/fabrih/ros2_nav_ws/src/familiapachuquena_nav2_puzzlebot(7)/install/familiapachuquena_nav2_puzzlebot/lib/python3.10/site-packages/familiapachuquena_nav2_puzzlebot-0.0.0-py3.10.egg-info/zip-safe
/home/fabrih/ros2_nav_ws/src/familiapachuquena_nav2_puzzlebot(7)/install/familiapachuquena_nav2_puzzlebot/lib/python3.10/site-packages/familiapachuquena_nav2_puzzlebot-0.0.0-py3.10.egg-info/PKG-INFO
/home/fabrih/ros2_nav_ws/src/familiapachuquena_nav2_puzzlebot(7)/install/familiapachuquena_nav2_puzzlebot/lib/python3.10/site-packages/familiapachuquena_nav2_puzzlebot-0.0.0-py3.10.egg-info/requires.txt
/home/fabrih/ros2_nav_ws/src/familiapachuquena_nav2_puzzlebot(7)/install/familiapachuquena_nav2_puzzlebot/lib/python3.10/site-packages/familiapachuquena_nav2_puzzlebot-0.0.0-py3.10.egg-info/SOURCES.txt
